  Simulation.cpp
C:\Repos\EVTOL_Simulation\EVTOL_Simulation\EVTOL_Simulation\Simulation.cpp(54,36): warning C4305: '+=': truncation from 'double' to 'float'
  eVTOL_Aircraft.cpp
  eVTOL_Alpha.cpp
C:\Repos\EVTOL_Simulation\EVTOL_Simulation\EVTOL_Simulation\eVTOL_Alpha.cpp(16,25): warning C4305: '=': truncation from 'double' to 'float'
C:\Repos\EVTOL_Simulation\EVTOL_Simulation\EVTOL_Simulation\eVTOL_Alpha.cpp(17,23): warning C4305: '=': truncation from 'double' to 'float'
C:\Repos\EVTOL_Simulation\EVTOL_Simulation\EVTOL_Simulation\eVTOL_Alpha.cpp(32,31): warning C4305: '+=': truncation from 'double' to 'float'
C:\Repos\EVTOL_Simulation\EVTOL_Simulation\EVTOL_Simulation\eVTOL_Alpha.cpp(33,60): warning C4244: '+=': conversion from 'double' to 'float', possible loss of data
C:\Repos\EVTOL_Simulation\EVTOL_Simulation\EVTOL_Simulation\eVTOL_Alpha.cpp(35,80): warning C4244: '+=': conversion from 'double' to 'float', possible loss of data
C:\Repos\EVTOL_Simulation\EVTOL_Simulation\EVTOL_Simulation\eVTOL_Alpha.cpp(37,70): warning C4244: '-=': conversion from 'double' to 'float', possible loss of data
C:\Repos\EVTOL_Simulation\EVTOL_Simulation\EVTOL_Simulation\eVTOL_Alpha.cpp(66,43): warning C4244: '+=': conversion from 'double' to 'float', possible loss of data
C:\Repos\EVTOL_Simulation\EVTOL_Simulation\EVTOL_Simulation\eVTOL_Alpha.cpp(68,33): warning C4305: '+=': truncation from 'double' to 'float'
  eVTOL_Bravo.cpp
C:\Repos\EVTOL_Simulation\EVTOL_Simulation\EVTOL_Simulation\eVTOL_Bravo.cpp(16,25): warning C4305: '=': truncation from 'double' to 'float'
C:\Repos\EVTOL_Simulation\EVTOL_Simulation\EVTOL_Simulation\eVTOL_Bravo.cpp(19,29): warning C4305: '=': truncation from 'double' to 'float'
C:\Repos\EVTOL_Simulation\EVTOL_Simulation\EVTOL_Simulation\eVTOL_Bravo.cpp(32,31): warning C4305: '+=': truncation from 'double' to 'float'
C:\Repos\EVTOL_Simulation\EVTOL_Simulation\EVTOL_Simulation\eVTOL_Bravo.cpp(33,60): warning C4244: '+=': conversion from 'double' to 'float', possible loss of data
C:\Repos\EVTOL_Simulation\EVTOL_Simulation\EVTOL_Simulation\eVTOL_Bravo.cpp(35,80): warning C4244: '+=': conversion from 'double' to 'float', possible loss of data
C:\Repos\EVTOL_Simulation\EVTOL_Simulation\EVTOL_Simulation\eVTOL_Bravo.cpp(37,70): warning C4244: '-=': conversion from 'double' to 'float', possible loss of data
C:\Repos\EVTOL_Simulation\EVTOL_Simulation\EVTOL_Simulation\eVTOL_Bravo.cpp(66,43): warning C4244: '+=': conversion from 'double' to 'float', possible loss of data
C:\Repos\EVTOL_Simulation\EVTOL_Simulation\EVTOL_Simulation\eVTOL_Bravo.cpp(68,33): warning C4305: '+=': truncation from 'double' to 'float'
  eVTOL_Charlie.cpp
C:\Repos\EVTOL_Simulation\EVTOL_Simulation\EVTOL_Simulation\eVTOL_Charlie.cpp(16,25): warning C4305: '=': truncation from 'double' to 'float'
C:\Repos\EVTOL_Simulation\EVTOL_Simulation\EVTOL_Simulation\eVTOL_Charlie.cpp(17,23): warning C4305: '=': truncation from 'double' to 'float'
C:\Repos\EVTOL_Simulation\EVTOL_Simulation\EVTOL_Simulation\eVTOL_Charlie.cpp(19,30): warning C4305: '=': truncation from 'double' to 'float'
C:\Repos\EVTOL_Simulation\EVTOL_Simulation\EVTOL_Simulation\eVTOL_Charlie.cpp(32,31): warning C4305: '+=': truncation from 'double' to 'float'
C:\Repos\EVTOL_Simulation\EVTOL_Simulation\EVTOL_Simulation\eVTOL_Charlie.cpp(33,60): warning C4244: '+=': conversion from 'double' to 'float', possible loss of data
C:\Repos\EVTOL_Simulation\EVTOL_Simulation\EVTOL_Simulation\eVTOL_Charlie.cpp(35,80): warning C4244: '+=': conversion from 'double' to 'float', possible loss of data
C:\Repos\EVTOL_Simulation\EVTOL_Simulation\EVTOL_Simulation\eVTOL_Charlie.cpp(37,70): warning C4244: '-=': conversion from 'double' to 'float', possible loss of data
C:\Repos\EVTOL_Simulation\EVTOL_Simulation\EVTOL_Simulation\eVTOL_Charlie.cpp(66,43): warning C4244: '+=': conversion from 'double' to 'float', possible loss of data
C:\Repos\EVTOL_Simulation\EVTOL_Simulation\EVTOL_Simulation\eVTOL_Charlie.cpp(68,33): warning C4305: '+=': truncation from 'double' to 'float'
  eVTOL_Delta.cpp
C:\Repos\EVTOL_Simulation\EVTOL_Simulation\EVTOL_Simulation\eVTOL_Delta.cpp(16,26): warning C4305: '=': truncation from 'double' to 'float'
C:\Repos\EVTOL_Simulation\EVTOL_Simulation\EVTOL_Simulation\eVTOL_Delta.cpp(17,22): warning C4305: '=': truncation from 'double' to 'float'
C:\Repos\EVTOL_Simulation\EVTOL_Simulation\EVTOL_Simulation\eVTOL_Delta.cpp(19,30): warning C4305: '=': truncation from 'double' to 'float'
C:\Repos\EVTOL_Simulation\EVTOL_Simulation\EVTOL_Simulation\eVTOL_Delta.cpp(32,31): warning C4305: '+=': truncation from 'double' to 'float'
C:\Repos\EVTOL_Simulation\EVTOL_Simulation\EVTOL_Simulation\eVTOL_Delta.cpp(33,60): warning C4244: '+=': conversion from 'double' to 'float', possible loss of data
C:\Repos\EVTOL_Simulation\EVTOL_Simulation\EVTOL_Simulation\eVTOL_Delta.cpp(35,80): warning C4244: '+=': conversion from 'double' to 'float', possible loss of data
C:\Repos\EVTOL_Simulation\EVTOL_Simulation\EVTOL_Simulation\eVTOL_Delta.cpp(37,70): warning C4244: '-=': conversion from 'double' to 'float', possible loss of data
C:\Repos\EVTOL_Simulation\EVTOL_Simulation\EVTOL_Simulation\eVTOL_Delta.cpp(66,43): warning C4244: '+=': conversion from 'double' to 'float', possible loss of data
C:\Repos\EVTOL_Simulation\EVTOL_Simulation\EVTOL_Simulation\eVTOL_Delta.cpp(68,33): warning C4305: '+=': truncation from 'double' to 'float'
  eVTOL_Echo.cpp
C:\Repos\EVTOL_Simulation\EVTOL_Simulation\EVTOL_Simulation\eVTOL_Echo.cpp(17,25): warning C4305: '=': truncation from 'double' to 'float'
C:\Repos\EVTOL_Simulation\EVTOL_Simulation\EVTOL_Simulation\eVTOL_Echo.cpp(18,23): warning C4305: '=': truncation from 'double' to 'float'
C:\Repos\EVTOL_Simulation\EVTOL_Simulation\EVTOL_Simulation\eVTOL_Echo.cpp(20,30): warning C4305: '=': truncation from 'double' to 'float'
C:\Repos\EVTOL_Simulation\EVTOL_Simulation\EVTOL_Simulation\eVTOL_Echo.cpp(33,31): warning C4305: '+=': truncation from 'double' to 'float'
C:\Repos\EVTOL_Simulation\EVTOL_Simulation\EVTOL_Simulation\eVTOL_Echo.cpp(34,60): warning C4244: '+=': conversion from 'double' to 'float', possible loss of data
C:\Repos\EVTOL_Simulation\EVTOL_Simulation\EVTOL_Simulation\eVTOL_Echo.cpp(36,80): warning C4244: '+=': conversion from 'double' to 'float', possible loss of data
C:\Repos\EVTOL_Simulation\EVTOL_Simulation\EVTOL_Simulation\eVTOL_Echo.cpp(38,70): warning C4244: '-=': conversion from 'double' to 'float', possible loss of data
C:\Repos\EVTOL_Simulation\EVTOL_Simulation\EVTOL_Simulation\eVTOL_Echo.cpp(67,43): warning C4244: '+=': conversion from 'double' to 'float', possible loss of data
C:\Repos\EVTOL_Simulation\EVTOL_Simulation\EVTOL_Simulation\eVTOL_Echo.cpp(69,33): warning C4305: '+=': truncation from 'double' to 'float'
  Generating Code...
  EVTOL_Simulation.vcxproj -> C:\Repos\EVTOL_Simulation\EVTOL_Simulation\Debug\EVTOL_Simulation.exe
